# JRE version: OpenJDK Runtime Environment (8.0_152-b01) (build 1.8.0_152-release-1024-b01)
# Java VM: OpenJDK 64-Bit Server VM (25.152-b01 mixed mode linux-amd64 compressed oops)
Heap:
 PSYoungGen      total 323584K, used 289263K [0x00000000eab00000, 0x00000000ffd80000, 0x0000000100000000)
  eden space 301568K, 93% used [0x00000000eab00000,0x00000000fbf2f030,0x00000000fd180000)
  from space 22016K, 29% used [0x00000000fe800000,0x00000000fee4cd88,0x00000000ffd80000)
  to   space 22528K, 0% used [0x00000000fd180000,0x00000000fd180000,0x00000000fe780000)
 ParOldGen       total 130560K, used 53032K [0x00000000c0000000, 0x00000000c7f80000, 0x00000000eab00000)
  object space 130560K, 40% used [0x00000000c0000000,0x00000000c33ca2c0,0x00000000c7f80000)
 Metaspace       used 92350K, capacity 98116K, committed 98176K, reserved 1134592K
  class space    used 12173K, capacity 13397K, committed 13440K, reserved 1048576K
GC Heap History (10 events):
Event: 260,154 GC heap before
{Heap before GC invocations=21 (full 3):
 PSYoungGen      total 321024K, used 299092K [0x00000000eab00000, 0x0000000100000000, 0x0000000100000000)
  eden space 294912K, 100% used [0x00000000eab00000,0x00000000fcb00000,0x00000000fcb00000)
  from space 26112K, 16% used [0x00000000fcb00000,0x00000000fcf150a8,0x00000000fe480000)
  to   space 26112K, 0% used [0x00000000fe680000,0x00000000fe680000,0x0000000100000000)
 ParOldGen       total 130560K, used 52992K [0x00000000c0000000, 0x00000000c7f80000, 0x00000000eab00000)
  object space 130560K, 40% used [0x00000000c0000000,0x00000000c33c02c0,0x00000000c7f80000)
 Metaspace       used 74367K, capacity 78302K, committed 78592K, reserved 1118208K
  class space    used 9893K, capacity 10717K, committed 10752K, reserved 1048576K
Event: 260,173 GC heap after
Heap after GC invocations=21 (full 3):
 PSYoungGen      total 321024K, used 7518K [0x00000000eab00000, 0x00000000ffe00000, 0x0000000100000000)
  eden space 296960K, 0% used [0x00000000eab00000,0x00000000eab00000,0x00000000fcd00000)
  from space 24064K, 31% used [0x00000000fe680000,0x00000000fedd78e0,0x00000000ffe00000)
  to   space 25088K, 0% used [0x00000000fcd00000,0x00000000fcd00000,0x00000000fe580000)
 ParOldGen       total 130560K, used 53000K [0x00000000c0000000, 0x00000000c7f80000, 0x00000000eab00000)
  object space 130560K, 40% used [0x00000000c0000000,0x00000000c33c22c0,0x00000000c7f80000)
 Metaspace       used 74367K, capacity 78302K, committed 78592K, reserved 1118208K
  class space    used 9893K, capacity 10717K, committed 10752K, reserved 1048576K
}
Event: 260,872 GC heap before
{Heap before GC invocations=22 (full 3):
 PSYoungGen      total 321024K, used 304478K [0x00000000eab00000, 0x00000000ffe00000, 0x0000000100000000)
  eden space 296960K, 100% used [0x00000000eab00000,0x00000000fcd00000,0x00000000fcd00000)
  from space 24064K, 31% used [0x00000000fe680000,0x00000000fedd78e0,0x00000000ffe00000)
  to   space 25088K, 0% used [0x00000000fcd00000,0x00000000fcd00000,0x00000000fe580000)
 ParOldGen       total 130560K, used 53000K [0x00000000c0000000, 0x00000000c7f80000, 0x00000000eab00000)
  object space 130560K, 40% used [0x00000000c0000000,0x00000000c33c22c0,0x00000000c7f80000)
 Metaspace       used 74449K, capacity 78456K, committed 78592K, reserved 1118208K
  class space    used 9895K, capacity 10720K, committed 10752K, reserved 1048576K
Event: 260,882 GC heap after
Heap after GC invocations=22 (full 3):
 PSYoungGen      total 322048K, used 8109K [0x00000000eab00000, 0x00000000fff00000, 0x0000000100000000)
  eden space 296960K, 0% used [0x00000000eab00000,0x00000000eab00000,0x00000000fcd00000)
  from space 25088K, 32% used [0x00000000fcd00000,0x00000000fd4eb7d8,0x00000000fe580000)
  to   space 24064K, 0% used [0x00000000fe780000,0x00000000fe780000,0x00000000fff00000)
 ParOldGen       total 130560K, used 53008K [0x00000000c0000000, 0x00000000c7f80000, 0x00000000eab00000)
  object space 130560K, 40% used [0x00000000c0000000,0x00000000c33c42c0,0x00000000c7f80000)
 Metaspace       used 74449K, capacity 78456K, committed 78592K, reserved 1118208K
  class space    used 9895K, capacity 10720K, committed 10752K, reserved 1048576K
}
Event: 262,122 GC heap before
{Heap before GC invocations=23 (full 3):
 PSYoungGen      total 322048K, used 305069K [0x00000000eab00000, 0x00000000fff00000, 0x0000000100000000)
  eden space 296960K, 100% used [0x00000000eab00000,0x00000000fcd00000,0x00000000fcd00000)
  from space 25088K, 32% used [0x00000000fcd00000,0x00000000fd4eb7d8,0x00000000fe580000)
  to   space 24064K, 0% used [0x00000000fe780000,0x00000000fe780000,0x00000000fff00000)
 ParOldGen       total 130560K, used 53008K [0x00000000c0000000, 0x00000000c7f80000, 0x00000000eab00000)
  object space 130560K, 40% used [0x00000000c0000000,0x00000000c33c42c0,0x00000000c7f80000)
 Metaspace       used 74729K, capacity 78708K, committed 78848K, reserved 1118208K
  class space    used 9912K, capacity 10732K, committed 10752K, reserved 1048576K
Event: 262,127 GC heap after
Heap after GC invocations=23 (full 3):
 PSYoungGen      total 324096K, used 3753K [0x00000000eab00000, 0x00000000fff00000, 0x0000000100000000)
  eden space 300032K, 0% used [0x00000000eab00000,0x00000000eab00000,0x00000000fd000000)
  from space 24064K, 15% used [0x00000000fe780000,0x00000000feb2a608,0x00000000fff00000)
  to   space 24064K, 0% used [0x00000000fd000000,0x00000000fd000000,0x00000000fe780000)
 ParOldGen       total 130560K, used 53016K [0x00000000c0000000, 0x00000000c7f80000, 0x00000000eab00000)
  object space 130560K, 40% used [0x00000000c0000000,0x00000000c33c62c0,0x00000000c7f80000)
 Metaspace       used 74729K, capacity 78708K, committed 78848K, reserved 1118208K
  class space    used 9912K, capacity 10732K, committed 10752K, reserved 1048576K
}
Event: 264,478 GC heap before
{Heap before GC invocations=24 (full 3):
 PSYoungGen      total 324096K, used 303519K [0x00000000eab00000, 0x00000000fff00000, 0x0000000100000000)
  eden space 300032K, 99% used [0x00000000eab00000,0x00000000fcfbd720,0x00000000fd000000)
  from space 24064K, 15% used [0x00000000fe780000,0x00000000feb2a608,0x00000000fff00000)
  to   space 24064K, 0% used [0x00000000fd000000,0x00000000fd000000,0x00000000fe780000)
 ParOldGen       total 130560K, used 53016K [0x00000000c0000000, 0x00000000c7f80000, 0x00000000eab00000)
  object space 130560K, 40% used [0x00000000c0000000,0x00000000c33c62c0,0x00000000c7f80000)
 Metaspace       used 75865K, capacity 79942K, committed 80000K, reserved 1118208K
  class space    used 10037K, capacity 10879K, committed 10880K, reserved 1048576K
Event: 264,485 GC heap after
Heap after GC invocations=24 (full 3):
 PSYoungGen      total 324096K, used 6052K [0x00000000eab00000, 0x00000000fff00000, 0x0000000100000000)
  eden space 300032K, 0% used [0x00000000eab00000,0x00000000eab00000,0x00000000fd000000)
  from space 24064K, 25% used [0x00000000fd000000,0x00000000fd5e9308,0x00000000fe780000)
  to   space 23552K, 0% used [0x00000000fe800000,0x00000000fe800000,0x00000000fff00000)
 ParOldGen       total 130560K, used 53024K [0x00000000c0000000, 0x00000000c7f80000, 0x00000000eab00000)
  object space 130560K, 40% used [0x00000000c0000000,0x00000000c33c82c0,0x00000000c7f80000)
 Metaspace       used 75865K, capacity 79942K, committed 80000K, reserved 1118208K
  class space    used 10037K, capacity 10879K, committed 10880K, reserved 1048576K
}
Event: 340,180 GC heap before
{Heap before GC invocations=25 (full 3):
 PSYoungGen      total 324096K, used 306076K [0x00000000eab00000, 0x00000000fff00000, 0x0000000100000000)
  eden space 300032K, 99% used [0x00000000eab00000,0x00000000fcffe0a0,0x00000000fd000000)
  from space 24064K, 25% used [0x00000000fd000000,0x00000000fd5e9308,0x00000000fe780000)
  to   space 23552K, 0% used [0x00000000fe800000,0x00000000fe800000,0x00000000fff00000)
 ParOldGen       total 130560K, used 53024K [0x00000000c0000000, 0x00000000c7f80000, 0x00000000eab00000)
  object space 130560K, 40% used [0x00000000c0000000,0x00000000c33c82c0,0x00000000c7f80000)
 Metaspace       used 76630K, capacity 80876K, committed 81152K, reserved 1120256K
  class space    used 10128K, capacity 10980K, committed 11008K, reserved 1048576K
Event: 340,194 GC heap after
Heap after GC invocations=25 (full 3):
 PSYoungGen      total 323584K, used 6451K [0x00000000eab00000, 0x00000000ffd80000, 0x0000000100000000)
  eden space 301568K, 0% used [0x00000000eab00000,0x00000000eab00000,0x00000000fd180000)
  from space 22016K, 29% used [0x00000000fe800000,0x00000000fee4cd88,0x00000000ffd80000)
  to   space 22528K, 0% used [0x00000000fd180000,0x00000000fd180000,0x00000000fe780000)
 ParOldGen       total 130560K, used 53032K [0x00000000c0000000, 0x00000000c7f80000, 0x00000000eab00000)
  object space 130560K, 40% used [0x00000000c0000000,0x00000000c33ca2c0,0x00000000c7f80000)
 Metaspace       used 76630K, capacity 80876K, committed 81152K, reserved 1120256K
  class space    used 10128K, capacity 10980K, committed 11008K, reserved 1048576K
}

